<?xml version="1.0" encoding="UTF-8"?>
<!-- Generated by org.testng.reporters.JUnitXMLReporter -->
<testsuite ignored="19" hostname="jnetlap122" failures="1" tests="20" name="Test" time="1947.447" errors="0" timestamp="2021-07-19T17:08:26 IST">
  <testcase classname="org.Adyen.utilities.BaseClass" name="@AfterClass Logout" time="1.2">
    <failure type="org.openqa.selenium.ElementClickInterceptedException" message="element click intercepted: Element &amp;lt;button class=&amp;quot;_1vOV4rcVNLBnHDjkPYCwqM  false _2x1vHKFww5LmxrjeosUn6I false false false&amp;quot; tabindex=&amp;quot;0&amp;quot;&amp;gt;...&amp;lt;/button&amp;gt; is not clickable at point (31, 557). Other element would receive the click: &amp;lt;div role=&amp;quot;presentation&amp;quot; class=&amp;quot;mm-popup__overlay&amp;quot;&amp;gt;&amp;lt;/div&amp;gt;
  (Session info: chrome=91.0.4472.124)
Build info: version: &amp;apos;3.141.59&amp;apos;, revision: &amp;apos;e82be7d358&amp;apos;, time: &amp;apos;2018-11-14T08:17:03&amp;apos;
System info: host: &amp;apos;JNETLAP122&amp;apos;, ip: &amp;apos;192.168.43.70&amp;apos;, os.name: &amp;apos;Windows 8.1&amp;apos;, os.arch: &amp;apos;amd64&amp;apos;, os.version: &amp;apos;6.3&amp;apos;, java.version: &amp;apos;16.0.1&amp;apos;
Driver info: org.openqa.selenium.chrome.ChromeDriver
Capabilities {acceptInsecureCerts: false, browserName: chrome, browserVersion: 91.0.4472.124, chrome: {chromedriverVersion: 90.0.4430.24 (4c6d850f087da..., userDataDir: C:\Users\jnet\AppData\Local...}, goog:chromeOptions: {debuggerAddress: localhost:51243}, javascriptEnabled: true, networkConnectionEnabled: false, pageLoadStrategy: normal, platform: WINDOWS, platformName: WINDOWS, proxy: Proxy(), setWindowRect: true, strictFileInteractability: false, timeouts: {implicit: 0, pageLoad: 300000, script: 30000}, unhandledPromptBehavior: dismiss and notify, webauthn:extension:largeBlob: true, webauthn:virtualAuthenticators: true}
Session ID: 2561edbf95415b928aa241367641d952">
      <![CDATA[org.openqa.selenium.ElementClickInterceptedException: element click intercepted: Element <button class="_1vOV4rcVNLBnHDjkPYCwqM  false _2x1vHKFww5LmxrjeosUn6I false false false" tabindex="0">...</button> is not clickable at point (31, 557). Other element would receive the click: <div role="presentation" class="mm-popup__overlay"></div>
  (Session info: chrome=91.0.4472.124)
Build info: version: '3.141.59', revision: 'e82be7d358', time: '2018-11-14T08:17:03'
System info: host: 'JNETLAP122', ip: '192.168.43.70', os.name: 'Windows 8.1', os.arch: 'amd64', os.version: '6.3', java.version: '16.0.1'
Driver info: org.openqa.selenium.chrome.ChromeDriver
Capabilities {acceptInsecureCerts: false, browserName: chrome, browserVersion: 91.0.4472.124, chrome: {chromedriverVersion: 90.0.4430.24 (4c6d850f087da..., userDataDir: C:\Users\jnet\AppData\Local...}, goog:chromeOptions: {debuggerAddress: localhost:51243}, javascriptEnabled: true, networkConnectionEnabled: false, pageLoadStrategy: normal, platform: WINDOWS, platformName: WINDOWS, proxy: Proxy(), setWindowRect: true, strictFileInteractability: false, timeouts: {implicit: 0, pageLoad: 300000, script: 30000}, unhandledPromptBehavior: dismiss and notify, webauthn:extension:largeBlob: true, webauthn:virtualAuthenticators: true}
Session ID: 2561edbf95415b928aa241367641d952
at org.openqa.selenium.remote.http.W3CHttpResponseCodec.createException(W3CHttpResponseCodec.java:187)
at org.openqa.selenium.remote.http.W3CHttpResponseCodec.decode(W3CHttpResponseCodec.java:122)
at org.openqa.selenium.remote.http.W3CHttpResponseCodec.decode(W3CHttpResponseCodec.java:49)
at org.openqa.selenium.remote.HttpCommandExecutor.execute(HttpCommandExecutor.java:158)
at org.openqa.selenium.remote.service.DriverCommandExecutor.execute(DriverCommandExecutor.java:83)
at org.openqa.selenium.remote.RemoteWebDriver.execute(RemoteWebDriver.java:552)
at org.openqa.selenium.remote.RemoteWebElement.execute(RemoteWebElement.java:285)
at org.openqa.selenium.remote.RemoteWebElement.click(RemoteWebElement.java:84)
at org.Adyen.utilities.BaseClass.Logout(BaseClass.java:70)
at java.base/java.util.ArrayList.forEach(ArrayList.java:1511)
... Removed 30 stack frames]]>
    </failure>
  </testcase> <!-- @AfterClass Logout -->
  <testcase classname="org.Adyen.Testscripts.RefillUsingMasterCardWithoutSavingDetails_TC001" name="testRefillUsingMasterCardWithoutSavingDetails_TC001" time="70.918"/>
  <testcase classname="org.Adyen.Testscripts.RefillUsingMasterCardWithSavingDetails_TC002" name="testRefillUsingMasterCardWithSavingDetails_TC002" time="64.418"/>
  <testcase classname="org.Adyen.Testscripts.RefillAccountUsingSavedMasterCardDetails_TC003" name="testRefillAccountUsingSavedMasterCardDetails_TC003" time="27.716"/>
  <testcase classname="org.Adyen.Testscripts.ChecoutForSubscriptionOfPhoneNumberUsingMasterCard_TC0019" name="testChecoutForSubscriptionOfPhoneNumberUsingMasterCard_TC0019" time="92.216"/>
  <testcase classname="org.Adyen.Testscripts.ValidatingSavedMasterPaymentMethods_TC007" name="testValidatingMasterCardPaymentMethods" time="45.314"/>
  <testcase classname="org.Adyen.Testscripts.RefiilAccountUsingPayPalDetails_TC004" name="testRefiilAccountUsingPayPalDetails_TC004" time="77.663"/>
  <testcase classname="org.Adyen.Testscripts.RefillAccountUsingSavedPayPalDetails_TC005" name="testRefillAccountUsingSavedPayPalDetails_TC005" time="36.005"/>
  <testcase classname="org.Adyen.Testscripts.ChecoutForSubscriptionOfPhoneNumberUsingPayPal_TC0020" name="testChecoutForSubscriptionOfPhoneNumberUsingPayPal" time="89.731"/>
  <testcase classname="org.Adyen.Testscripts.ValidatingSavedPayPalMethod_TC0016" name="testValidatingPaypalPaymentMethods" time="17.507"/>
  <testcase classname="org.Adyen.Testscripts.RefillAccountUsingSavedGpayDetails_TC006" name="testRefillAccountUsingSavedGpayDetails_TC006" time="38.358"/>
  <testcase classname="org.Adyen.Testscripts.ChecoutForSubscriptionOfPhoneNumberUsingGpay_TC0013" name="testChecoutForSubscriptionOfPhoneNumberUsingGpay_TC0013" time="112.257"/>
  <testcase classname="org.Adyen.Testscripts.ValidatingSavedGpayMethod_TC0015" name="testValidatingSavedGPayMethod_TC0015" time="22.807"/>
  <testcase classname="org.Adyen.Testscripts.PurchasingPhonenumber_TC0012" name="testPurchasingPhonenumber_TC0012" time="60.951"/>
  <testcase classname="org.Adyen.Testscripts.RefillUsingAuthorisedAliPayPaymentMethod_TC0017" name="testRefillUsingAuthorisedAliPayPaymentMethod_TC0017" time="51.909"/>
  <testcase classname="org.Adyen.Testscripts.ChecoutForSubscriptionOfPhoneNumberUsingAliPayAuthorisedPayment_TC0021" name="testChecoutForSubscriptionOfPhoneNumberUsingAliPayAuthorisedPayment_TC0021" time="114.293"/>
  <testcase classname="org.Adyen.Testscripts.RefillUsingAuthorisedDelayedPayments_TC0018" name="testRefillUsingAuthorisedDelayedPayments_TC0018" time="147.578"/>
  <testcase classname="org.Adyen.Testscripts.ChecoutForSubscriptionOfPhoneNumberUsingAliPayDelayedPayment_TC0022" name="testChecoutForSubscriptionOfPhoneNumberUsingAliPayDelayedPayment_TC0022" time="88.209">
    <failure type="org.openqa.selenium.NoSuchElementException" message="no such element: Unable to locate element: {&amp;quot;method&amp;quot;:&amp;quot;xpath&amp;quot;,&amp;quot;selector&amp;quot;:&amp;quot;//button[contains(text(),&amp;apos;Proceed to checkout&amp;apos;)]&amp;quot;}
  (Session info: chrome=91.0.4472.124)
For documentation on this error, please visit: https://www.seleniumhq.org/exceptions/no_such_element.html
Build info: version: &amp;apos;3.141.59&amp;apos;, revision: &amp;apos;e82be7d358&amp;apos;, time: &amp;apos;2018-11-14T08:17:03&amp;apos;
System info: host: &amp;apos;JNETLAP122&amp;apos;, ip: &amp;apos;192.168.43.70&amp;apos;, os.name: &amp;apos;Windows 8.1&amp;apos;, os.arch: &amp;apos;amd64&amp;apos;, os.version: &amp;apos;6.3&amp;apos;, java.version: &amp;apos;16.0.1&amp;apos;
Driver info: org.openqa.selenium.chrome.ChromeDriver
Capabilities {acceptInsecureCerts: false, browserName: chrome, browserVersion: 91.0.4472.124, chrome: {chromedriverVersion: 90.0.4430.24 (4c6d850f087da..., userDataDir: C:\Users\jnet\AppData\Local...}, goog:chromeOptions: {debuggerAddress: localhost:63881}, javascriptEnabled: true, networkConnectionEnabled: false, pageLoadStrategy: normal, platform: WINDOWS, platformName: WINDOWS, proxy: Proxy(), setWindowRect: true, strictFileInteractability: false, timeouts: {implicit: 0, pageLoad: 300000, script: 30000}, unhandledPromptBehavior: dismiss and notify, webauthn:extension:largeBlob: true, webauthn:virtualAuthenticators: true}
Session ID: 7d2206b358d9302c383e0f0dd6b6e4d4
*** Element info: {Using=xpath, value=//button[contains(text(),&amp;apos;Proceed to checkout&amp;apos;)]}">
      <![CDATA[org.openqa.selenium.NoSuchElementException: no such element: Unable to locate element: {"method":"xpath","selector":"//button[contains(text(),'Proceed to checkout')]"}
  (Session info: chrome=91.0.4472.124)
For documentation on this error, please visit: https://www.seleniumhq.org/exceptions/no_such_element.html
Build info: version: '3.141.59', revision: 'e82be7d358', time: '2018-11-14T08:17:03'
System info: host: 'JNETLAP122', ip: '192.168.43.70', os.name: 'Windows 8.1', os.arch: 'amd64', os.version: '6.3', java.version: '16.0.1'
Driver info: org.openqa.selenium.chrome.ChromeDriver
Capabilities {acceptInsecureCerts: false, browserName: chrome, browserVersion: 91.0.4472.124, chrome: {chromedriverVersion: 90.0.4430.24 (4c6d850f087da..., userDataDir: C:\Users\jnet\AppData\Local...}, goog:chromeOptions: {debuggerAddress: localhost:63881}, javascriptEnabled: true, networkConnectionEnabled: false, pageLoadStrategy: normal, platform: WINDOWS, platformName: WINDOWS, proxy: Proxy(), setWindowRect: true, strictFileInteractability: false, timeouts: {implicit: 0, pageLoad: 300000, script: 30000}, unhandledPromptBehavior: dismiss and notify, webauthn:extension:largeBlob: true, webauthn:virtualAuthenticators: true}
Session ID: 7d2206b358d9302c383e0f0dd6b6e4d4
*** Element info: {Using=xpath, value=//button[contains(text(),'Proceed to checkout')]}
at org.openqa.selenium.remote.http.W3CHttpResponseCodec.createException(W3CHttpResponseCodec.java:187)
at org.openqa.selenium.remote.http.W3CHttpResponseCodec.decode(W3CHttpResponseCodec.java:122)
at org.openqa.selenium.remote.http.W3CHttpResponseCodec.decode(W3CHttpResponseCodec.java:49)
at org.openqa.selenium.remote.HttpCommandExecutor.execute(HttpCommandExecutor.java:158)
at org.openqa.selenium.remote.service.DriverCommandExecutor.execute(DriverCommandExecutor.java:83)
at org.openqa.selenium.remote.RemoteWebDriver.execute(RemoteWebDriver.java:552)
at org.openqa.selenium.remote.RemoteWebDriver.findElement(RemoteWebDriver.java:323)
at org.openqa.selenium.remote.RemoteWebDriver.findElementByXPath(RemoteWebDriver.java:428)
at org.openqa.selenium.By$ByXPath.findElement(By.java:353)
at org.openqa.selenium.remote.RemoteWebDriver.findElement(RemoteWebDriver.java:315)
at org.openqa.selenium.support.pagefactory.DefaultElementLocator.findElement(DefaultElementLocator.java:69)
at org.openqa.selenium.support.pagefactory.internal.LocatingElementHandler.invoke(LocatingElementHandler.java:38)
at jdk.proxy2/jdk.proxy2.$Proxy14.click(Unknown Source)
at org.Adyen.webpages.PhoneNumberSectionPageWebElements.ClickOnProceedToCheckOutButton(PhoneNumberSectionPageWebElements.java:146)
at org.Adyen.Testscripts.ChecoutForSubscriptionOfPhoneNumberUsingAliPayDelayedPayment_TC0022.testChecoutForSubscriptionOfPhoneNumberUsingAliPayDelayedPayment_TC0022(ChecoutForSubscriptionOfPhoneNumberUsingAliPayDelayedPayment_TC0022.java:52)
at java.base/java.util.ArrayList.forEach(ArrayList.java:1511)
... Removed 32 stack frames]]>
    </failure>
  </testcase> <!-- testChecoutForSubscriptionOfPhoneNumberUsingAliPayDelayedPayment_TC0022 -->
  <testcase classname="org.Adyen.Testscripts.CapturingPaymentReceipts_TC0010" name="testCapturingPaymentReceipts_TC0010" time="25.498"/>
  <testcase classname="org.Adyen.Testscripts.DeleteSavedMasterCardDetails_TC008" name="testDeleteSavedMasterCardDetails_TC008" time="30.456"/>
  <testcase classname="org.Adyen.Testscripts.DeleteSavedPayPalDetails_TC009" name="testDeletingSavedPayPalDetails_TC0011" time="31.718"/>
  <testcase classname="org.Adyen.utilities.BaseClass" name="@BeforeSuite OpenBrowser" time="0.0">
    <ignored/>
  </testcase> <!-- @BeforeSuite OpenBrowser -->
  <testcase classname="org.Adyen.utilities.BaseClass" name="@BeforeSuite OpenBrowser" time="0.0">
    <ignored/>
  </testcase> <!-- @BeforeSuite OpenBrowser -->
  <testcase classname="org.Adyen.utilities.BaseClass" name="@BeforeSuite OpenBrowser" time="0.0">
    <ignored/>
  </testcase> <!-- @BeforeSuite OpenBrowser -->
  <testcase classname="org.Adyen.utilities.BaseClass" name="@BeforeSuite OpenBrowser" time="0.0">
    <ignored/>
  </testcase> <!-- @BeforeSuite OpenBrowser -->
  <testcase classname="org.Adyen.utilities.BaseClass" name="@BeforeSuite OpenBrowser" time="0.0">
    <ignored/>
  </testcase> <!-- @BeforeSuite OpenBrowser -->
  <testcase classname="org.Adyen.utilities.BaseClass" name="@BeforeSuite OpenBrowser" time="0.0">
    <ignored/>
  </testcase> <!-- @BeforeSuite OpenBrowser -->
  <testcase classname="org.Adyen.utilities.BaseClass" name="@BeforeSuite OpenBrowser" time="0.0">
    <ignored/>
  </testcase> <!-- @BeforeSuite OpenBrowser -->
  <testcase classname="org.Adyen.utilities.BaseClass" name="@BeforeSuite OpenBrowser" time="0.0">
    <ignored/>
  </testcase> <!-- @BeforeSuite OpenBrowser -->
  <testcase classname="org.Adyen.utilities.BaseClass" name="@BeforeSuite OpenBrowser" time="0.0">
    <ignored/>
  </testcase> <!-- @BeforeSuite OpenBrowser -->
  <testcase classname="org.Adyen.utilities.BaseClass" name="@BeforeSuite OpenBrowser" time="0.0">
    <ignored/>
  </testcase> <!-- @BeforeSuite OpenBrowser -->
  <testcase classname="org.Adyen.utilities.BaseClass" name="@BeforeSuite OpenBrowser" time="0.0">
    <ignored/>
  </testcase> <!-- @BeforeSuite OpenBrowser -->
  <testcase classname="org.Adyen.utilities.BaseClass" name="@BeforeSuite OpenBrowser" time="0.0">
    <ignored/>
  </testcase> <!-- @BeforeSuite OpenBrowser -->
  <testcase classname="org.Adyen.utilities.BaseClass" name="@BeforeSuite OpenBrowser" time="0.0">
    <ignored/>
  </testcase> <!-- @BeforeSuite OpenBrowser -->
  <testcase classname="org.Adyen.utilities.BaseClass" name="@BeforeSuite OpenBrowser" time="0.0">
    <ignored/>
  </testcase> <!-- @BeforeSuite OpenBrowser -->
  <testcase classname="org.Adyen.utilities.BaseClass" name="@BeforeSuite OpenBrowser" time="0.0">
    <ignored/>
  </testcase> <!-- @BeforeSuite OpenBrowser -->
  <testcase classname="org.Adyen.utilities.BaseClass" name="@BeforeSuite OpenBrowser" time="0.0">
    <ignored/>
  </testcase> <!-- @BeforeSuite OpenBrowser -->
  <testcase classname="org.Adyen.utilities.BaseClass" name="@BeforeSuite OpenBrowser" time="0.0">
    <ignored/>
  </testcase> <!-- @BeforeSuite OpenBrowser -->
  <testcase classname="org.Adyen.utilities.BaseClass" name="@BeforeSuite OpenBrowser" time="0.0">
    <ignored/>
  </testcase> <!-- @BeforeSuite OpenBrowser -->
  <testcase classname="org.Adyen.utilities.BaseClass" name="@BeforeSuite OpenBrowser" time="0.0">
    <ignored/>
  </testcase> <!-- @BeforeSuite OpenBrowser -->
</testsuite> <!-- Test -->
